<?xml version="1.0" encoding="UTF-8"?>
<testsuite name="org.scoula.travel.dao.TravelDaoImplTest" tests="7" skipped="0" failures="7" errors="0" timestamp="2026-06-02T02:50:47.780Z" hostname="M1307" time="0.228">
  <properties/>
  <testcase name="getTotalCount()" classname="org.scoula.travel.dao.TravelDaoImplTest" time="0.202">
    <failure message="java.lang.NullPointerException: Cannot invoke &quot;org.apache.ibatis.session.SqlSessionFactory.openSession()&quot; because &quot;org.scoula.database.MyBatisConfig.sqlSessionFactory&quot; is null" type="java.lang.NullPointerException">java.lang.NullPointerException: Cannot invoke &quot;org.apache.ibatis.session.SqlSessionFactory.openSession()&quot; because &quot;org.scoula.database.MyBatisConfig.sqlSessionFactory&quot; is null
	at org.scoula.database.MyBatisConfig.getSqlsession(MyBatisConfig.java:23)
	at org.scoula.travel.dao.TravelDaoImpl.getTotalCount(TravelDaoImpl.java:17)
	at org.scoula.travel.dao.TravelDaoImplTest.getTotalCount(TravelDaoImplTest.java:18)
	at java.base/java.lang.reflect.Method.invoke(Method.java:568)
	at java.base/java.util.ArrayList.forEach(ArrayList.java:1511)
	at java.base/java.util.ArrayList.forEach(ArrayList.java:1511)
</failure>
  </testcase>
  <testcase name="remove()" classname="org.scoula.travel.dao.TravelDaoImplTest" time="0.003">
    <failure message="java.lang.NullPointerException: Cannot invoke &quot;org.apache.ibatis.session.SqlSessionFactory.openSession()&quot; because &quot;org.scoula.database.MyBatisConfig.sqlSessionFactory&quot; is null" type="java.lang.NullPointerException">java.lang.NullPointerException: Cannot invoke &quot;org.apache.ibatis.session.SqlSessionFactory.openSession()&quot; because &quot;org.scoula.database.MyBatisConfig.sqlSessionFactory&quot; is null
	at org.scoula.database.MyBatisConfig.getSqlsession(MyBatisConfig.java:23)
	at org.scoula.travel.dao.TravelDaoImpl.transaction(TravelDaoImpl.java:64)
	at org.scoula.travel.dao.TravelDaoImpl.remove(TravelDaoImpl.java:60)
	at org.scoula.travel.dao.TravelDaoImplTest.remove(TravelDaoImplTest.java:79)
	at java.base/java.lang.reflect.Method.invoke(Method.java:568)
	at java.base/java.util.ArrayList.forEach(ArrayList.java:1511)
	at java.base/java.util.ArrayList.forEach(ArrayList.java:1511)
</failure>
  </testcase>
  <testcase name="update()" classname="org.scoula.travel.dao.TravelDaoImplTest" time="0.004">
    <failure message="java.lang.NullPointerException: Cannot invoke &quot;org.apache.ibatis.session.SqlSessionFactory.openSession()&quot; because &quot;org.scoula.database.MyBatisConfig.sqlSessionFactory&quot; is null" type="java.lang.NullPointerException">java.lang.NullPointerException: Cannot invoke &quot;org.apache.ibatis.session.SqlSessionFactory.openSession()&quot; because &quot;org.scoula.database.MyBatisConfig.sqlSessionFactory&quot; is null
	at org.scoula.database.MyBatisConfig.getSqlsession(MyBatisConfig.java:23)
	at org.scoula.travel.dao.TravelDaoImpl.transaction(TravelDaoImpl.java:64)
	at org.scoula.travel.dao.TravelDaoImpl.update(TravelDaoImpl.java:55)
	at org.scoula.travel.dao.TravelDaoImplTest.update(TravelDaoImplTest.java:73)
	at java.base/java.lang.reflect.Method.invoke(Method.java:568)
	at java.base/java.util.ArrayList.forEach(ArrayList.java:1511)
	at java.base/java.util.ArrayList.forEach(ArrayList.java:1511)
</failure>
  </testcase>
  <testcase name="getTravels()" classname="org.scoula.travel.dao.TravelDaoImplTest" time="0.003">
    <failure message="java.lang.NullPointerException: Cannot invoke &quot;org.apache.ibatis.session.SqlSessionFactory.openSession()&quot; because &quot;org.scoula.database.MyBatisConfig.sqlSessionFactory&quot; is null" type="java.lang.NullPointerException">java.lang.NullPointerException: Cannot invoke &quot;org.apache.ibatis.session.SqlSessionFactory.openSession()&quot; because &quot;org.scoula.database.MyBatisConfig.sqlSessionFactory&quot; is null
	at org.scoula.database.MyBatisConfig.getSqlsession(MyBatisConfig.java:23)
	at org.scoula.travel.dao.TravelDaoImpl.getTravels(TravelDaoImpl.java:25)
	at org.scoula.travel.dao.TravelDaoImplTest.getTravels(TravelDaoImplTest.java:25)
	at java.base/java.lang.reflect.Method.invoke(Method.java:568)
	at java.base/java.util.ArrayList.forEach(ArrayList.java:1511)
	at java.base/java.util.ArrayList.forEach(ArrayList.java:1511)
</failure>
  </testcase>
  <testcase name="getDistricts()" classname="org.scoula.travel.dao.TravelDaoImplTest" time="0.005">
    <failure message="java.lang.NullPointerException: Cannot invoke &quot;org.apache.ibatis.session.SqlSessionFactory.openSession()&quot; because &quot;org.scoula.database.MyBatisConfig.sqlSessionFactory&quot; is null" type="java.lang.NullPointerException">java.lang.NullPointerException: Cannot invoke &quot;org.apache.ibatis.session.SqlSessionFactory.openSession()&quot; because &quot;org.scoula.database.MyBatisConfig.sqlSessionFactory&quot; is null
	at org.scoula.database.MyBatisConfig.getSqlsession(MyBatisConfig.java:23)
	at org.scoula.travel.dao.TravelDaoImpl.getDistricts(TravelDaoImpl.java:31)
	at org.scoula.travel.dao.TravelDaoImplTest.getDistricts(TravelDaoImplTest.java:32)
	at java.base/java.lang.reflect.Method.invoke(Method.java:568)
	at java.base/java.util.ArrayList.forEach(ArrayList.java:1511)
	at java.base/java.util.ArrayList.forEach(ArrayList.java:1511)
</failure>
  </testcase>
  <testcase name="getTravel()" classname="org.scoula.travel.dao.TravelDaoImplTest" time="0.003">
    <failure message="java.lang.NullPointerException: Cannot invoke &quot;org.apache.ibatis.session.SqlSessionFactory.openSession()&quot; because &quot;org.scoula.database.MyBatisConfig.sqlSessionFactory&quot; is null" type="java.lang.NullPointerException">java.lang.NullPointerException: Cannot invoke &quot;org.apache.ibatis.session.SqlSessionFactory.openSession()&quot; because &quot;org.scoula.database.MyBatisConfig.sqlSessionFactory&quot; is null
	at org.scoula.database.MyBatisConfig.getSqlsession(MyBatisConfig.java:23)
	at org.scoula.travel.dao.TravelDaoImpl.getTravel(TravelDaoImpl.java:43)
	at org.scoula.travel.dao.TravelDaoImplTest.getTravel(TravelDaoImplTest.java:46)
	at java.base/java.lang.reflect.Method.invoke(Method.java:568)
	at java.base/java.util.ArrayList.forEach(ArrayList.java:1511)
	at java.base/java.util.ArrayList.forEach(ArrayList.java:1511)
</failure>
  </testcase>
  <testcase name="getTravelByDistrict()" classname="org.scoula.travel.dao.TravelDaoImplTest" time="0.003">
    <failure message="java.lang.NullPointerException: Cannot invoke &quot;org.apache.ibatis.session.SqlSessionFactory.openSession()&quot; because &quot;org.scoula.database.MyBatisConfig.sqlSessionFactory&quot; is null" type="java.lang.NullPointerException">java.lang.NullPointerException: Cannot invoke &quot;org.apache.ibatis.session.SqlSessionFactory.openSession()&quot; because &quot;org.scoula.database.MyBatisConfig.sqlSessionFactory&quot; is null
	at org.scoula.database.MyBatisConfig.getSqlsession(MyBatisConfig.java:23)
	at org.scoula.travel.dao.TravelDaoImpl.getTravelsByDistrict(TravelDaoImpl.java:37)
	at org.scoula.travel.dao.TravelDaoImplTest.getTravelByDistrict(TravelDaoImplTest.java:39)
	at java.base/java.lang.reflect.Method.invoke(Method.java:568)
	at java.base/java.util.ArrayList.forEach(ArrayList.java:1511)
	at java.base/java.util.ArrayList.forEach(ArrayList.java:1511)
</failure>
  </testcase>
  <system-out><![CDATA[]]></system-out>
  <system-err><![CDATA[org.apache.ibatis.exceptions.PersistenceException: 
### Error building SqlSession.
### The error may exist in mapper/travel-mapper.xml
### Cause: org.apache.ibatis.builder.BuilderException: Error parsing SQL Mapper Configuration. Cause: java.io.IOException: Could not find resource mapper/travel-mapper.xml
	at org.apache.ibatis.exceptions.ExceptionFactory.wrapException(ExceptionFactory.java:30)
	at org.apache.ibatis.session.SqlSessionFactoryBuilder.build(SqlSessionFactoryBuilder.java:52)
	at org.apache.ibatis.session.SqlSessionFactoryBuilder.build(SqlSessionFactoryBuilder.java:36)
	at org.scoula.database.MyBatisConfig.<clinit>(MyBatisConfig.java:16)
	at org.scoula.travel.dao.TravelDaoImpl.getTotalCount(TravelDaoImpl.java:17)
	at org.scoula.travel.dao.TravelDaoImplTest.getTotalCount(TravelDaoImplTest.java:18)
	at java.base/jdk.internal.reflect.NativeMethodAccessorImpl.invoke0(Native Method)
	at java.base/jdk.internal.reflect.NativeMethodAccessorImpl.invoke(NativeMethodAccessorImpl.java:77)
	at java.base/jdk.internal.reflect.DelegatingMethodAccessorImpl.invoke(DelegatingMethodAccessorImpl.java:43)
	at java.base/java.lang.reflect.Method.invoke(Method.java:568)
	at org.junit.platform.commons.util.ReflectionUtils.invokeMethod(ReflectionUtils.java:728)
	at org.junit.jupiter.engine.execution.MethodInvocation.proceed(MethodInvocation.java:60)
	at org.junit.jupiter.engine.execution.InvocationInterceptorChain$ValidatingInvocation.proceed(InvocationInterceptorChain.java:131)
	at org.junit.jupiter.engine.extension.TimeoutExtension.intercept(TimeoutExtension.java:156)
	at org.junit.jupiter.engine.extension.TimeoutExtension.interceptTestableMethod(TimeoutExtension.java:147)
	at org.junit.jupiter.engine.extension.TimeoutExtension.interceptTestMethod(TimeoutExtension.java:86)
	at org.junit.jupiter.engine.execution.InterceptingExecutableInvoker$ReflectiveInterceptorCall.lambda$ofVoidMethod$0(InterceptingExecutableInvoker.java:103)
	at org.junit.jupiter.engine.execution.InterceptingExecutableInvoker.lambda$invoke$0(InterceptingExecutableInvoker.java:93)
	at org.junit.jupiter.engine.execution.InvocationInterceptorChain$InterceptedInvocation.proceed(InvocationInterceptorChain.java:106)
	at org.junit.jupiter.engine.execution.InvocationInterceptorChain.proceed(InvocationInterceptorChain.java:64)
	at org.junit.jupiter.engine.execution.InvocationInterceptorChain.chainAndInvoke(InvocationInterceptorChain.java:45)
	at org.junit.jupiter.engine.execution.InvocationInterceptorChain.invoke(InvocationInterceptorChain.java:37)
	at org.junit.jupiter.engine.execution.InterceptingExecutableInvoker.invoke(InterceptingExecutableInvoker.java:92)
	at org.junit.jupiter.engine.execution.InterceptingExecutableInvoker.invoke(InterceptingExecutableInvoker.java:86)
	at org.junit.jupiter.engine.descriptor.TestMethodTestDescriptor.lambda$invokeTestMethod$7(TestMethodTestDescriptor.java:218)
	at org.junit.platform.engine.support.hierarchical.ThrowableCollector.execute(ThrowableCollector.java:73)
	at org.junit.jupiter.engine.descriptor.TestMethodTestDescriptor.invokeTestMethod(TestMethodTestDescriptor.java:214)
	at org.junit.jupiter.engine.descriptor.TestMethodTestDescriptor.execute(TestMethodTestDescriptor.java:139)
	at org.junit.jupiter.engine.descriptor.TestMethodTestDescriptor.execute(TestMethodTestDescriptor.java:69)
	at org.junit.platform.engine.support.hierarchical.NodeTestTask.lambda$executeRecursively$6(NodeTestTask.java:151)
	at org.junit.platform.engine.support.hierarchical.ThrowableCollector.execute(ThrowableCollector.java:73)
	at org.junit.platform.engine.support.hierarchical.NodeTestTask.lambda$executeRecursively$8(NodeTestTask.java:141)
	at org.junit.platform.engine.support.hierarchical.Node.around(Node.java:137)
	at org.junit.platform.engine.support.hierarchical.NodeTestTask.lambda$executeRecursively$9(NodeTestTask.java:139)
	at org.junit.platform.engine.support.hierarchical.ThrowableCollector.execute(ThrowableCollector.java:73)
	at org.junit.platform.engine.support.hierarchical.NodeTestTask.executeRecursively(NodeTestTask.java:138)
	at org.junit.platform.engine.support.hierarchical.NodeTestTask.execute(NodeTestTask.java:95)
	at java.base/java.util.ArrayList.forEach(ArrayList.java:1511)
	at org.junit.platform.engine.support.hierarchical.SameThreadHierarchicalTestExecutorService.invokeAll(SameThreadHierarchicalTestExecutorService.java:41)
	at org.junit.platform.engine.support.hierarchical.NodeTestTask.lambda$executeRecursively$6(NodeTestTask.java:155)
	at org.junit.platform.engine.support.hierarchical.ThrowableCollector.execute(ThrowableCollector.java:73)
	at org.junit.platform.engine.support.hierarchical.NodeTestTask.lambda$executeRecursively$8(NodeTestTask.java:141)
	at org.junit.platform.engine.support.hierarchical.Node.around(Node.java:137)
	at org.junit.platform.engine.support.hierarchical.NodeTestTask.lambda$executeRecursively$9(NodeTestTask.java:139)
	at org.junit.platform.engine.support.hierarchical.ThrowableCollector.execute(ThrowableCollector.java:73)
	at org.junit.platform.engine.support.hierarchical.NodeTestTask.executeRecursively(NodeTestTask.java:138)
	at org.junit.platform.engine.support.hierarchical.NodeTestTask.execute(NodeTestTask.java:95)
	at java.base/java.util.ArrayList.forEach(ArrayList.java:1511)
	at org.junit.platform.engine.support.hierarchical.SameThreadHierarchicalTestExecutorService.invokeAll(SameThreadHierarchicalTestExecutorService.java:41)
	at org.junit.platform.engine.support.hierarchical.NodeTestTask.lambda$executeRecursively$6(NodeTestTask.java:155)
	at org.junit.platform.engine.support.hierarchical.ThrowableCollector.execute(ThrowableCollector.java:73)
	at org.junit.platform.engine.support.hierarchical.NodeTestTask.lambda$executeRecursively$8(NodeTestTask.java:141)
	at org.junit.platform.engine.support.hierarchical.Node.around(Node.java:137)
	at org.junit.platform.engine.support.hierarchical.NodeTestTask.lambda$executeRecursively$9(NodeTestTask.java:139)
	at org.junit.platform.engine.support.hierarchical.ThrowableCollector.execute(ThrowableCollector.java:73)
	at org.junit.platform.engine.support.hierarchical.NodeTestTask.executeRecursively(NodeTestTask.java:138)
	at org.junit.platform.engine.support.hierarchical.NodeTestTask.execute(NodeTestTask.java:95)
	at org.junit.platform.engine.support.hierarchical.SameThreadHierarchicalTestExecutorService.submit(SameThreadHierarchicalTestExecutorService.java:35)
	at org.junit.platform.engine.support.hierarchical.HierarchicalTestExecutor.execute(HierarchicalTestExecutor.java:57)
	at org.junit.platform.engine.support.hierarchical.HierarchicalTestEngine.execute(HierarchicalTestEngine.java:54)
	at org.junit.platform.launcher.core.EngineExecutionOrchestrator.execute(EngineExecutionOrchestrator.java:198)
	at org.junit.platform.launcher.core.EngineExecutionOrchestrator.execute(EngineExecutionOrchestrator.java:169)
	at org.junit.platform.launcher.core.EngineExecutionOrchestrator.execute(EngineExecutionOrchestrator.java:93)
	at org.junit.platform.launcher.core.EngineExecutionOrchestrator.lambda$execute$0(EngineExecutionOrchestrator.java:58)
	at org.junit.platform.launcher.core.EngineExecutionOrchestrator.withInterceptedStreams(EngineExecutionOrchestrator.java:141)
	at org.junit.platform.launcher.core.EngineExecutionOrchestrator.execute(EngineExecutionOrchestrator.java:57)
	at org.junit.platform.launcher.core.DefaultLauncher.execute(DefaultLauncher.java:103)
	at org.junit.platform.launcher.core.DefaultLauncher.execute(DefaultLauncher.java:85)
	at org.junit.platform.launcher.core.DelegatingLauncher.execute(DelegatingLauncher.java:47)
	at org.gradle.api.internal.tasks.testing.junitplatform.JUnitPlatformTestClassProcessor$CollectAllTestClassesExecutor.processAllTestClasses(JUnitPlatformTestClassProcessor.java:135)
	at org.gradle.api.internal.tasks.testing.junitplatform.JUnitPlatformTestClassProcessor$CollectAllTestClassesExecutor.access$000(JUnitPlatformTestClassProcessor.java:110)
	at org.gradle.api.internal.tasks.testing.junitplatform.JUnitPlatformTestClassProcessor.stop(JUnitPlatformTestClassProcessor.java:104)
	at org.gradle.api.internal.tasks.testing.SuiteTestClassProcessor.stop(SuiteTestClassProcessor.java:64)
	at java.base/jdk.internal.reflect.NativeMethodAccessorImpl.invoke0(Native Method)
	at java.base/jdk.internal.reflect.NativeMethodAccessorImpl.invoke(NativeMethodAccessorImpl.java:77)
	at java.base/jdk.internal.reflect.DelegatingMethodAccessorImpl.invoke(DelegatingMethodAccessorImpl.java:43)
	at java.base/java.lang.reflect.Method.invoke(Method.java:568)
	at org.gradle.internal.dispatch.ReflectionDispatch.dispatch(ReflectionDispatch.java:36)
	at org.gradle.internal.dispatch.ReflectionDispatch.dispatch(ReflectionDispatch.java:24)
	at org.gradle.internal.dispatch.ContextClassLoaderDispatch.dispatch(ContextClassLoaderDispatch.java:33)
	at org.gradle.internal.dispatch.ProxyDispatchAdapter$DispatchingInvocationHandler.invoke(ProxyDispatchAdapter.java:92)
	at jdk.proxy1/jdk.proxy1.$Proxy4.stop(Unknown Source)
	at org.gradle.api.internal.tasks.testing.worker.TestWorker$3.run(TestWorker.java:200)
	at org.gradle.api.internal.tasks.testing.worker.TestWorker.executeAndMaintainThreadName(TestWorker.java:132)
	at org.gradle.api.internal.tasks.testing.worker.TestWorker.execute(TestWorker.java:103)
	at org.gradle.api.internal.tasks.testing.worker.TestWorker.execute(TestWorker.java:63)
	at org.gradle.process.internal.worker.child.ActionExecutionWorker.execute(ActionExecutionWorker.java:56)
	at org.gradle.process.internal.worker.child.SystemApplicationClassLoaderWorker.call(SystemApplicationClassLoaderWorker.java:122)
	at org.gradle.process.internal.worker.child.SystemApplicationClassLoaderWorker.call(SystemApplicationClassLoaderWorker.java:72)
	at worker.org.gradle.process.internal.worker.GradleWorkerMain.run(GradleWorkerMain.java:69)
	at worker.org.gradle.process.internal.worker.GradleWorkerMain.main(GradleWorkerMain.java:74)
Caused by: org.apache.ibatis.builder.BuilderException: Error parsing SQL Mapper Configuration. Cause: java.io.IOException: Could not find resource mapper/travel-mapper.xml
	at org.apache.ibatis.builder.xml.XMLConfigBuilder.parseConfiguration(XMLConfigBuilder.java:133)
	at org.apache.ibatis.builder.xml.XMLConfigBuilder.parse(XMLConfigBuilder.java:110)
	at org.apache.ibatis.session.SqlSessionFactoryBuilder.build(SqlSessionFactoryBuilder.java:50)
	... 89 more
Caused by: java.io.IOException: Could not find resource mapper/travel-mapper.xml
	at org.apache.ibatis.io.Resources.getResourceAsStream(Resources.java:132)
	at org.apache.ibatis.io.Resources.getResourceAsStream(Resources.java:113)
	at org.apache.ibatis.builder.xml.XMLConfigBuilder.mapperElement(XMLConfigBuilder.java:395)
	at org.apache.ibatis.builder.xml.XMLConfigBuilder.parseConfiguration(XMLConfigBuilder.java:131)
	... 91 more
]]></system-err>
</testsuite>
